<?xml version="1.0" encoding="UTF-8"?>
<testng-results skipped="0" failed="2" total="6" passed="4">
  <reporter-output>
  </reporter-output>
  <suite name="Suite" duration-ms="45089" started-at="2019-12-20T18:35:11Z" finished-at="2019-12-20T18:35:57Z">
    <groups>
    </groups>
    <test name="Test" duration-ms="45089" started-at="2019-12-20T18:35:11Z" finished-at="2019-12-20T18:35:57Z">
      <class name="com.child.parent.inheritance.AllMethodsDeclarationOnlyForTestNGChild">
        <test-method status="PASS" signature="learningArrays()[pri:0, instance:com.child.parent.inheritance.AllMethodsDeclarationOnlyForTestNGChild@548a9f61]" name="learningArrays" duration-ms="1" started-at="2019-12-20T12:35:57Z" description="learning One dimensional array" finished-at="2019-12-20T12:35:57Z">
          <reporter-output>
          </reporter-output>
        </test-method> <!-- learningArrays -->
      </class> <!-- com.child.parent.inheritance.AllMethodsDeclarationOnlyForTestNGChild -->
      <class name="com.child.parent.inheritance.BrowserAndExecutionWithTestCasesParent">
        <test-method status="PASS" signature="launchBrowser()[pri:0, instance:com.child.parent.inheritance.BrowserAndExecutionWithTestCasesParent@4f933fd1]" name="launchBrowser" is-config="true" duration-ms="8858" started-at="2019-12-20T12:35:12Z" finished-at="2019-12-20T12:35:20Z">
          <reporter-output>
          </reporter-output>
        </test-method> <!-- launchBrowser -->
        <test-method status="PASS" signature="learningArrays()[pri:0, instance:com.child.parent.inheritance.BrowserAndExecutionWithTestCasesParent@4f933fd1]" name="learningArrays" duration-ms="7" started-at="2019-12-20T12:35:20Z" description="learning One dimensional array" finished-at="2019-12-20T12:35:20Z">
          <reporter-output>
          </reporter-output>
        </test-method> <!-- learningArrays -->
        <test-method status="PASS" signature="closeBrowser()[pri:0, instance:com.child.parent.inheritance.BrowserAndExecutionWithTestCasesParent@4f933fd1]" name="closeBrowser" is-config="true" duration-ms="98" started-at="2019-12-20T12:35:20Z" finished-at="2019-12-20T12:35:20Z">
          <reporter-output>
          </reporter-output>
        </test-method> <!-- closeBrowser -->
        <test-method status="PASS" signature="launchBrowser()[pri:0, instance:com.child.parent.inheritance.BrowserAndExecutionWithTestCasesParent@4f933fd1]" name="launchBrowser" is-config="true" duration-ms="4985" started-at="2019-12-20T12:35:20Z" finished-at="2019-12-20T12:35:25Z">
          <reporter-output>
          </reporter-output>
        </test-method> <!-- launchBrowser -->
        <test-method status="PASS" signature="testBlueSkiesAirlineName()[pri:0, instance:com.child.parent.inheritance.BrowserAndExecutionWithTestCasesParent@4f933fd1]" name="testBlueSkiesAirlineName" duration-ms="2538" started-at="2019-12-20T12:35:25Z" description="check the airline types are there " finished-at="2019-12-20T12:35:28Z">
          <reporter-output>
          </reporter-output>
        </test-method> <!-- testBlueSkiesAirlineName -->
        <test-method status="PASS" signature="closeBrowser()[pri:0, instance:com.child.parent.inheritance.BrowserAndExecutionWithTestCasesParent@4f933fd1]" name="closeBrowser" is-config="true" duration-ms="284" started-at="2019-12-20T12:35:28Z" finished-at="2019-12-20T12:35:28Z">
          <reporter-output>
          </reporter-output>
        </test-method> <!-- closeBrowser -->
        <test-method status="PASS" signature="launchBrowser()[pri:0, instance:com.child.parent.inheritance.BrowserAndExecutionWithTestCasesParent@4f933fd1]" name="launchBrowser" is-config="true" duration-ms="3570" started-at="2019-12-20T12:35:28Z" finished-at="2019-12-20T12:35:32Z">
          <reporter-output>
          </reporter-output>
        </test-method> <!-- launchBrowser -->
        <test-method status="PASS" signature="testDepartOnSelectFlightPage()[pri:0, instance:com.child.parent.inheritance.BrowserAndExecutionWithTestCasesParent@4f933fd1]" name="testDepartOnSelectFlightPage" duration-ms="5198" started-at="2019-12-20T12:35:32Z" description=" Verify DEPART key word on Flight detail page" finished-at="2019-12-20T12:35:37Z">
          <reporter-output>
          </reporter-output>
        </test-method> <!-- testDepartOnSelectFlightPage -->
        <test-method status="PASS" signature="closeBrowser()[pri:0, instance:com.child.parent.inheritance.BrowserAndExecutionWithTestCasesParent@4f933fd1]" name="closeBrowser" is-config="true" duration-ms="85" started-at="2019-12-20T12:35:37Z" finished-at="2019-12-20T12:35:37Z">
          <reporter-output>
          </reporter-output>
        </test-method> <!-- closeBrowser -->
        <test-method status="PASS" signature="launchBrowser()[pri:0, instance:com.child.parent.inheritance.BrowserAndExecutionWithTestCasesParent@4f933fd1]" name="launchBrowser" is-config="true" duration-ms="4902" started-at="2019-12-20T12:35:37Z" finished-at="2019-12-20T12:35:42Z">
          <reporter-output>
          </reporter-output>
        </test-method> <!-- launchBrowser -->
        <test-method status="FAIL" signature="testRoundTripRadioButtonIsSelectedOrNot()[pri:0, instance:com.child.parent.inheritance.BrowserAndExecutionWithTestCasesParent@4f933fd1]" name="testRoundTripRadioButtonIsSelectedOrNot" duration-ms="6128" started-at="2019-12-20T12:35:42Z" finished-at="2019-12-20T12:35:48Z">
          <exception class="org.openqa.selenium.NoSuchElementException">
            <message>
              <![CDATA[no such element: Unable to locate element: {"method":"xpath","selector":"//input[@name='tripType'][1]"}
  (Session info: chrome=79.0.3945.88)
For documentation on this error, please visit: https://www.seleniumhq.org/exceptions/no_such_element.html
Build info: version: '3.141.59', revision: 'e82be7d358', time: '2018-11-14T08:25:53'
System info: host: 'bashudevs-MBP', ip: '192.168.1.68', os.name: 'Mac OS X', os.arch: 'x86_64', os.version: '10.13.6', java.version: '1.8.0_60'
Driver info: org.openqa.selenium.chrome.ChromeDriver
Capabilities {acceptInsecureCerts: false, browserName: chrome, browserVersion: 79.0.3945.88, chrome: {chromedriverVersion: 78.0.3904.70 (edb9c9f3de024..., userDataDir: /var/folders/g9/jvl2px7x1w9...}, goog:chromeOptions: {debuggerAddress: localhost:52543}, javascriptEnabled: true, networkConnectionEnabled: false, pageLoadStrategy: normal, platform: MAC, platformName: MAC, proxy: Proxy(), setWindowRect: true, strictFileInteractability: false, timeouts: {implicit: 0, pageLoad: 300000, script: 30000}, unhandledPromptBehavior: dismiss and notify}
Session ID: 3afaf332bdd289b8e4a320fcde336ee0
*** Element info: {Using=xpath, value=//input[@name='tripType'][1]}]]>
            </message>
            <full-stacktrace>
              <![CDATA[org.openqa.selenium.NoSuchElementException: no such element: Unable to locate element: {"method":"xpath","selector":"//input[@name='tripType'][1]"}
  (Session info: chrome=79.0.3945.88)
For documentation on this error, please visit: https://www.seleniumhq.org/exceptions/no_such_element.html
Build info: version: '3.141.59', revision: 'e82be7d358', time: '2018-11-14T08:25:53'
System info: host: 'bashudevs-MBP', ip: '192.168.1.68', os.name: 'Mac OS X', os.arch: 'x86_64', os.version: '10.13.6', java.version: '1.8.0_60'
Driver info: org.openqa.selenium.chrome.ChromeDriver
Capabilities {acceptInsecureCerts: false, browserName: chrome, browserVersion: 79.0.3945.88, chrome: {chromedriverVersion: 78.0.3904.70 (edb9c9f3de024..., userDataDir: /var/folders/g9/jvl2px7x1w9...}, goog:chromeOptions: {debuggerAddress: localhost:52543}, javascriptEnabled: true, networkConnectionEnabled: false, pageLoadStrategy: normal, platform: MAC, platformName: MAC, proxy: Proxy(), setWindowRect: true, strictFileInteractability: false, timeouts: {implicit: 0, pageLoad: 300000, script: 30000}, unhandledPromptBehavior: dismiss and notify}
Session ID: 3afaf332bdd289b8e4a320fcde336ee0
*** Element info: {Using=xpath, value=//input[@name='tripType'][1]}
	at sun.reflect.NativeConstructorAccessorImpl.newInstance0(Native Method)
	at sun.reflect.NativeConstructorAccessorImpl.newInstance(NativeConstructorAccessorImpl.java:62)
	at sun.reflect.DelegatingConstructorAccessorImpl.newInstance(DelegatingConstructorAccessorImpl.java:45)
	at java.lang.reflect.Constructor.newInstance(Constructor.java:422)
	at org.openqa.selenium.remote.http.W3CHttpResponseCodec.createException(W3CHttpResponseCodec.java:187)
	at org.openqa.selenium.remote.http.W3CHttpResponseCodec.decode(W3CHttpResponseCodec.java:122)
	at org.openqa.selenium.remote.http.W3CHttpResponseCodec.decode(W3CHttpResponseCodec.java:49)
	at org.openqa.selenium.remote.HttpCommandExecutor.execute(HttpCommandExecutor.java:158)
	at org.openqa.selenium.remote.service.DriverCommandExecutor.execute(DriverCommandExecutor.java:83)
	at org.openqa.selenium.remote.RemoteWebDriver.execute(RemoteWebDriver.java:552)
	at org.openqa.selenium.remote.RemoteWebDriver.findElement(RemoteWebDriver.java:323)
	at org.openqa.selenium.remote.RemoteWebDriver.findElementByXPath(RemoteWebDriver.java:428)
	at org.openqa.selenium.By$ByXPath.findElement(By.java:353)
	at org.openqa.selenium.remote.RemoteWebDriver.findElement(RemoteWebDriver.java:315)
	at com.child.parent.inheritance.AllMethodsDeclarationOnlyForTestNGChild.verifyRoundTripButtonIsSelectedOrNot(AllMethodsDeclarationOnlyForTestNGChild.java:306)
	at com.child.parent.inheritance.BrowserAndExecutionWithTestCasesParent.testRoundTripRadioButtonIsSelectedOrNot(BrowserAndExecutionWithTestCasesParent.java:105)
	at sun.reflect.NativeMethodAccessorImpl.invoke0(Native Method)
	at sun.reflect.NativeMethodAccessorImpl.invoke(NativeMethodAccessorImpl.java:62)
	at sun.reflect.DelegatingMethodAccessorImpl.invoke(DelegatingMethodAccessorImpl.java:43)
	at java.lang.reflect.Method.invoke(Method.java:497)
	at org.testng.internal.MethodInvocationHelper.invokeMethod(MethodInvocationHelper.java:100)
	at org.testng.internal.Invoker.invokeMethod(Invoker.java:646)
	at org.testng.internal.Invoker.invokeTestMethod(Invoker.java:811)
	at org.testng.internal.Invoker.invokeTestMethods(Invoker.java:1129)
	at org.testng.internal.TestMethodWorker.invokeTestMethods(TestMethodWorker.java:129)
	at org.testng.internal.TestMethodWorker.run(TestMethodWorker.java:112)
	at org.testng.TestRunner.privateRun(TestRunner.java:746)
	at org.testng.TestRunner.run(TestRunner.java:600)
	at org.testng.SuiteRunner.runTest(SuiteRunner.java:366)
	at org.testng.SuiteRunner.runSequentially(SuiteRunner.java:361)
	at org.testng.SuiteRunner.privateRun(SuiteRunner.java:319)
	at org.testng.SuiteRunner.run(SuiteRunner.java:268)
	at org.testng.SuiteRunnerWorker.runSuite(SuiteRunnerWorker.java:52)
	at org.testng.SuiteRunnerWorker.run(SuiteRunnerWorker.java:86)
	at org.testng.TestNG.runSuitesSequentially(TestNG.java:1264)
	at org.testng.TestNG.runSuitesLocally(TestNG.java:1189)
	at org.testng.TestNG.runSuites(TestNG.java:1104)
	at org.testng.TestNG.run(TestNG.java:1076)
	at org.testng.remote.AbstractRemoteTestNG.run(AbstractRemoteTestNG.java:126)
	at org.testng.remote.RemoteTestNG.initAndRun(RemoteTestNG.java:152)
	at org.testng.remote.RemoteTestNG.main(RemoteTestNG.java:57)
]]>
            </full-stacktrace>
          </exception> <!-- org.openqa.selenium.NoSuchElementException -->
          <reporter-output>
          </reporter-output>
        </test-method> <!-- testRoundTripRadioButtonIsSelectedOrNot -->
        <test-method status="PASS" signature="closeBrowser()[pri:0, instance:com.child.parent.inheritance.BrowserAndExecutionWithTestCasesParent@4f933fd1]" name="closeBrowser" is-config="true" duration-ms="81" started-at="2019-12-20T12:35:48Z" finished-at="2019-12-20T12:35:48Z">
          <reporter-output>
          </reporter-output>
        </test-method> <!-- closeBrowser -->
        <test-method status="PASS" signature="launchBrowser()[pri:0, instance:com.child.parent.inheritance.BrowserAndExecutionWithTestCasesParent@4f933fd1]" name="launchBrowser" is-config="true" duration-ms="3173" started-at="2019-12-20T12:35:48Z" finished-at="2019-12-20T12:35:51Z">
          <reporter-output>
          </reporter-output>
        </test-method> <!-- launchBrowser -->
        <test-method status="FAIL" signature="testonewayRadioButtonIsSelectedOrNot()[pri:0, instance:com.child.parent.inheritance.BrowserAndExecutionWithTestCasesParent@4f933fd1]" name="testonewayRadioButtonIsSelectedOrNot" duration-ms="5040" started-at="2019-12-20T12:35:51Z" finished-at="2019-12-20T12:35:56Z">
          <exception class="org.openqa.selenium.NoSuchElementException">
            <message>
              <![CDATA[no such element: Unable to locate element: {"method":"xpath","selector":"//*[@value='oneway']"}
  (Session info: chrome=79.0.3945.88)
For documentation on this error, please visit: https://www.seleniumhq.org/exceptions/no_such_element.html
Build info: version: '3.141.59', revision: 'e82be7d358', time: '2018-11-14T08:25:53'
System info: host: 'bashudevs-MBP', ip: '192.168.1.68', os.name: 'Mac OS X', os.arch: 'x86_64', os.version: '10.13.6', java.version: '1.8.0_60'
Driver info: org.openqa.selenium.chrome.ChromeDriver
Capabilities {acceptInsecureCerts: false, browserName: chrome, browserVersion: 79.0.3945.88, chrome: {chromedriverVersion: 78.0.3904.70 (edb9c9f3de024..., userDataDir: /var/folders/g9/jvl2px7x1w9...}, goog:chromeOptions: {debuggerAddress: localhost:52608}, javascriptEnabled: true, networkConnectionEnabled: false, pageLoadStrategy: normal, platform: MAC, platformName: MAC, proxy: Proxy(), setWindowRect: true, strictFileInteractability: false, timeouts: {implicit: 0, pageLoad: 300000, script: 30000}, unhandledPromptBehavior: dismiss and notify}
Session ID: 17902c2462f9368b28947bf417e54d51
*** Element info: {Using=xpath, value=//*[@value='oneway']}]]>
            </message>
            <full-stacktrace>
              <![CDATA[org.openqa.selenium.NoSuchElementException: no such element: Unable to locate element: {"method":"xpath","selector":"//*[@value='oneway']"}
  (Session info: chrome=79.0.3945.88)
For documentation on this error, please visit: https://www.seleniumhq.org/exceptions/no_such_element.html
Build info: version: '3.141.59', revision: 'e82be7d358', time: '2018-11-14T08:25:53'
System info: host: 'bashudevs-MBP', ip: '192.168.1.68', os.name: 'Mac OS X', os.arch: 'x86_64', os.version: '10.13.6', java.version: '1.8.0_60'
Driver info: org.openqa.selenium.chrome.ChromeDriver
Capabilities {acceptInsecureCerts: false, browserName: chrome, browserVersion: 79.0.3945.88, chrome: {chromedriverVersion: 78.0.3904.70 (edb9c9f3de024..., userDataDir: /var/folders/g9/jvl2px7x1w9...}, goog:chromeOptions: {debuggerAddress: localhost:52608}, javascriptEnabled: true, networkConnectionEnabled: false, pageLoadStrategy: normal, platform: MAC, platformName: MAC, proxy: Proxy(), setWindowRect: true, strictFileInteractability: false, timeouts: {implicit: 0, pageLoad: 300000, script: 30000}, unhandledPromptBehavior: dismiss and notify}
Session ID: 17902c2462f9368b28947bf417e54d51
*** Element info: {Using=xpath, value=//*[@value='oneway']}
	at sun.reflect.NativeConstructorAccessorImpl.newInstance0(Native Method)
	at sun.reflect.NativeConstructorAccessorImpl.newInstance(NativeConstructorAccessorImpl.java:62)
	at sun.reflect.DelegatingConstructorAccessorImpl.newInstance(DelegatingConstructorAccessorImpl.java:45)
	at java.lang.reflect.Constructor.newInstance(Constructor.java:422)
	at org.openqa.selenium.remote.http.W3CHttpResponseCodec.createException(W3CHttpResponseCodec.java:187)
	at org.openqa.selenium.remote.http.W3CHttpResponseCodec.decode(W3CHttpResponseCodec.java:122)
	at org.openqa.selenium.remote.http.W3CHttpResponseCodec.decode(W3CHttpResponseCodec.java:49)
	at org.openqa.selenium.remote.HttpCommandExecutor.execute(HttpCommandExecutor.java:158)
	at org.openqa.selenium.remote.service.DriverCommandExecutor.execute(DriverCommandExecutor.java:83)
	at org.openqa.selenium.remote.RemoteWebDriver.execute(RemoteWebDriver.java:552)
	at org.openqa.selenium.remote.RemoteWebDriver.findElement(RemoteWebDriver.java:323)
	at org.openqa.selenium.remote.RemoteWebDriver.findElementByXPath(RemoteWebDriver.java:428)
	at org.openqa.selenium.By$ByXPath.findElement(By.java:353)
	at org.openqa.selenium.remote.RemoteWebDriver.findElement(RemoteWebDriver.java:315)
	at com.child.parent.inheritance.AllMethodsDeclarationOnlyForTestNGChild.verifyonewayButtonIsSelectedOrNot(AllMethodsDeclarationOnlyForTestNGChild.java:312)
	at com.child.parent.inheritance.BrowserAndExecutionWithTestCasesParent.testonewayRadioButtonIsSelectedOrNot(BrowserAndExecutionWithTestCasesParent.java:112)
	at sun.reflect.NativeMethodAccessorImpl.invoke0(Native Method)
	at sun.reflect.NativeMethodAccessorImpl.invoke(NativeMethodAccessorImpl.java:62)
	at sun.reflect.DelegatingMethodAccessorImpl.invoke(DelegatingMethodAccessorImpl.java:43)
	at java.lang.reflect.Method.invoke(Method.java:497)
	at org.testng.internal.MethodInvocationHelper.invokeMethod(MethodInvocationHelper.java:100)
	at org.testng.internal.Invoker.invokeMethod(Invoker.java:646)
	at org.testng.internal.Invoker.invokeTestMethod(Invoker.java:811)
	at org.testng.internal.Invoker.invokeTestMethods(Invoker.java:1129)
	at org.testng.internal.TestMethodWorker.invokeTestMethods(TestMethodWorker.java:129)
	at org.testng.internal.TestMethodWorker.run(TestMethodWorker.java:112)
	at org.testng.TestRunner.privateRun(TestRunner.java:746)
	at org.testng.TestRunner.run(TestRunner.java:600)
	at org.testng.SuiteRunner.runTest(SuiteRunner.java:366)
	at org.testng.SuiteRunner.runSequentially(SuiteRunner.java:361)
	at org.testng.SuiteRunner.privateRun(SuiteRunner.java:319)
	at org.testng.SuiteRunner.run(SuiteRunner.java:268)
	at org.testng.SuiteRunnerWorker.runSuite(SuiteRunnerWorker.java:52)
	at org.testng.SuiteRunnerWorker.run(SuiteRunnerWorker.java:86)
	at org.testng.TestNG.runSuitesSequentially(TestNG.java:1264)
	at org.testng.TestNG.runSuitesLocally(TestNG.java:1189)
	at org.testng.TestNG.runSuites(TestNG.java:1104)
	at org.testng.TestNG.run(TestNG.java:1076)
	at org.testng.remote.AbstractRemoteTestNG.run(AbstractRemoteTestNG.java:126)
	at org.testng.remote.RemoteTestNG.initAndRun(RemoteTestNG.java:152)
	at org.testng.remote.RemoteTestNG.main(RemoteTestNG.java:57)
]]>
            </full-stacktrace>
          </exception> <!-- org.openqa.selenium.NoSuchElementException -->
          <reporter-output>
          </reporter-output>
        </test-method> <!-- testonewayRadioButtonIsSelectedOrNot -->
        <test-method status="PASS" signature="closeBrowser()[pri:0, instance:com.child.parent.inheritance.BrowserAndExecutionWithTestCasesParent@4f933fd1]" name="closeBrowser" is-config="true" duration-ms="87" started-at="2019-12-20T12:35:56Z" finished-at="2019-12-20T12:35:57Z">
          <reporter-output>
          </reporter-output>
        </test-method> <!-- closeBrowser -->
      </class> <!-- com.child.parent.inheritance.BrowserAndExecutionWithTestCasesParent -->
    </test> <!-- Test -->
  </suite> <!-- Suite -->
</testng-results>
